2023-04-26 08:18:30,892 INFO o.s.b.StartupInfoLogger [restartedMain] Starting Assignment5Application using Java 19.0.2 on kaelyn with PID 14632 (C:\Users\USER\IdeaProjects\Assignment5\target\classes started by USER in C:\Users\USER\IdeaProjects\Assignment5)
2023-04-26 08:18:30,905 INFO o.s.b.SpringApplication [restartedMain] No active profile set, falling back to 1 default profile: "default"
2023-04-26 08:18:30,958 INFO o.s.b.l.DeferredLog [restartedMain] Devtools property defaults active! Set 'spring.devtools.add-properties' to 'false' to disable
2023-04-26 08:18:30,958 INFO o.s.b.l.DeferredLog [restartedMain] For additional web related logging consider setting the 'logging.level.web' property to 'DEBUG'
2023-04-26 08:18:31,606 INFO o.s.d.r.c.RepositoryConfigurationDelegate [restartedMain] Bootstrapping Spring Data JPA repositories in DEFAULT mode.
2023-04-26 08:18:31,657 INFO o.s.d.r.c.RepositoryConfigurationDelegate [restartedMain] Finished Spring Data repository scanning in 44 ms. Found 3 JPA repository interfaces.
2023-04-26 08:18:32,243 INFO o.s.b.w.e.t.TomcatWebServer [restartedMain] Tomcat initialized with port(s): 9094 (http)
2023-04-26 08:18:32,244 INFO o.a.j.l.DirectJDKLog [restartedMain] Loaded Apache Tomcat Native library [1.2.35] using APR version [1.7.0].
2023-04-26 08:18:32,245 INFO o.a.j.l.DirectJDKLog [restartedMain] APR capabilities: IPv6 [true], sendfile [true], accept filters [false], random [true], UDS [true].
2023-04-26 08:18:32,245 INFO o.a.j.l.DirectJDKLog [restartedMain] APR/OpenSSL configuration: useAprConnector [false], useOpenSSL [true]
2023-04-26 08:18:32,257 INFO o.a.j.l.DirectJDKLog [restartedMain] OpenSSL successfully initialized [OpenSSL 1.1.1q  5 Jul 2022]
2023-04-26 08:18:32,267 INFO o.a.j.l.DirectJDKLog [restartedMain] Initializing ProtocolHandler ["http-nio-9094"]
2023-04-26 08:18:32,268 INFO o.a.j.l.DirectJDKLog [restartedMain] Starting service [Tomcat]
2023-04-26 08:18:32,268 INFO o.a.j.l.DirectJDKLog [restartedMain] Starting Servlet engine: [Apache Tomcat/9.0.64]
2023-04-26 08:18:32,490 INFO o.a.j.l.DirectJDKLog [restartedMain] At least one JAR was scanned for TLDs yet contained no TLDs. Enable debug logging for this logger for a complete list of JARs that were scanned but no TLDs were found in them. Skipping unneeded JARs during scanning can improve startup time and JSP compilation time.
2023-04-26 08:18:32,499 INFO o.a.j.l.DirectJDKLog [restartedMain] Initializing Spring embedded WebApplicationContext
2023-04-26 08:18:32,499 INFO o.s.b.w.s.c.ServletWebServerApplicationContext [restartedMain] Root WebApplicationContext: initialization completed in 1540 ms
2023-04-26 08:18:32,663 INFO o.h.j.i.u.LogHelper [restartedMain] HHH000204: Processing PersistenceUnitInfo [name: default]
2023-04-26 08:18:32,731 INFO o.h.Version [restartedMain] HHH000412: Hibernate ORM core version 5.6.9.Final
2023-04-26 08:18:32,937 INFO o.h.a.c.r.j.JavaReflectionManager [restartedMain] HCANN000001: Hibernate Commons Annotations {5.1.2.Final}
2023-04-26 08:18:33,052 INFO c.z.h.HikariDataSource [restartedMain] HikariPool-1 - Starting...
2023-04-26 08:18:33,446 INFO c.z.h.HikariDataSource [restartedMain] HikariPool-1 - Start completed.
2023-04-26 08:18:33,466 INFO o.h.d.Dialect [restartedMain] HHH000400: Using dialect: org.hibernate.dialect.MySQL5Dialect
2023-04-26 08:18:34,166 INFO o.h.e.t.j.p.i.JtaPlatformInitiator [restartedMain] HHH000490: Using JtaPlatform implementation: [org.hibernate.engine.transaction.jta.platform.internal.NoJtaPlatform]
2023-04-26 08:18:34,174 INFO o.s.o.j.AbstractEntityManagerFactoryBean [restartedMain] Initialized JPA EntityManagerFactory for persistence unit 'default'
2023-04-26 08:18:34,587 WARN o.s.b.a.o.j.JpaBaseConfiguration$JpaWebConfiguration [restartedMain] spring.jpa.open-in-view is enabled by default. Therefore, database queries may be performed during view rendering. Explicitly configure spring.jpa.open-in-view to disable this warning
2023-04-26 08:18:34,783 INFO o.s.s.w.DefaultSecurityFilterChain [restartedMain] Will secure any request with [org.springframework.security.web.context.request.async.WebAsyncManagerIntegrationFilter@3c3dee08, org.springframework.security.web.context.SecurityContextPersistenceFilter@51062c48, org.springframework.security.web.header.HeaderWriterFilter@2745311d, org.springframework.security.web.csrf.CsrfFilter@6476bad2, org.springframework.security.web.authentication.logout.LogoutFilter@181a8bd6, org.springframework.security.web.authentication.UsernamePasswordAuthenticationFilter@5975fea4, org.springframework.security.web.savedrequest.RequestCacheAwareFilter@2bc3d46e, org.springframework.security.web.servletapi.SecurityContextHolderAwareRequestFilter@6dc261bd, org.springframework.security.web.authentication.AnonymousAuthenticationFilter@4cb7f533, org.springframework.security.web.session.SessionManagementFilter@367c20ce, org.springframework.security.web.access.ExceptionTranslationFilter@254fb7f3, org.springframework.security.web.access.intercept.FilterSecurityInterceptor@35ea620b]
2023-04-26 08:18:34,955 INFO o.s.b.a.w.s.WelcomePageHandlerMapping [restartedMain] Adding welcome page template: index
2023-04-26 08:18:35,068 INFO o.s.b.d.a.OptionalLiveReloadServer [restartedMain] LiveReload server is running on port 35729
2023-04-26 08:18:35,084 INFO o.a.j.l.DirectJDKLog [restartedMain] Starting ProtocolHandler ["http-nio-9094"]
2023-04-26 08:18:35,109 INFO o.s.b.w.e.t.TomcatWebServer [restartedMain] Tomcat started on port(s): 9094 (http) with context path ''
2023-04-26 08:18:35,118 INFO o.s.b.StartupInfoLogger [restartedMain] Started Assignment5Application in 4.543 seconds (JVM running for 5.669)
2023-04-26 08:26:57,912 WARN c.z.h.p.HikariPool$HouseKeeper [HikariPool-1 housekeeper] HikariPool-1 - Thread starvation or clock leap detected (housekeeper delta=4m54s310ms160µs300ns).
2023-04-26 08:36:16,889 WARN c.z.h.p.HikariPool$HouseKeeper [HikariPool-1 housekeeper] HikariPool-1 - Thread starvation or clock leap detected (housekeeper delta=48s842ms163µs300ns).
2023-04-26 10:59:39,455 INFO o.s.o.j.AbstractEntityManagerFactoryBean [SpringApplicationShutdownHook] Closing JPA EntityManagerFactory for persistence unit 'default'
2023-04-26 10:59:39,487 INFO c.z.h.HikariDataSource [SpringApplicationShutdownHook] HikariPool-1 - Shutdown initiated...
2023-04-26 10:59:39,498 INFO c.z.h.HikariDataSource [SpringApplicationShutdownHook] HikariPool-1 - Shutdown completed.
