#
# There is insufficient memory for the Java Runtime Environment to continue.
# Native memory allocation (mmap) failed to map 805306368 bytes for G1 virtual space
# Possible reasons:
#   The system is out of physical RAM or swap space
#   The process is running with CompressedOops enabled, and the Java Heap may be blocking the growth of the native heap
# Possible solutions:
#   Reduce memory load on the system
#   Increase physical memory or swap space
#   Check if swap backing store is full
#   Decrease Java heap size (-Xmx/-Xms)
#   Decrease number of Java threads
#   Decrease Java thread stack sizes (-Xss)
#   Set larger code cache with -XX:ReservedCodeCacheSize=
#   JVM is running with Zero Based Compressed Oops mode in which the Java heap is
#     placed in the first 32GB address space. The Java Heap base address is the
#     maximum limit for the native heap growth. Please use -XX:HeapBaseMinAddress
#     to set the Java Heap base and to place the Java Heap above 32GB virtual address.
# This output file may be truncated or incomplete.
#
#  Out of Memory Error (os_windows.cpp:3536), pid=77876, tid=84632
#
# JRE version:  (19.0.2+7) (build )
# Java VM: Java HotSpot(TM) 64-Bit Server VM (19.0.2+7-44, mixed mode, emulated-client, sharing, tiered, compressed oops, compressed class ptrs, g1 gc, windows-amd64)
# No core dump will be written. Minidumps are not enabled by default on client versions of Windows
#

---------------  S U M M A R Y ------------

Command Line: -XX:TieredStopAtLevel=1 -Dspring.output.ansi.enabled=always -Dcom.sun.management.jmxremote -Dspring.jmx.enabled=true -Dspring.liveBeansView.mbeanDomain -Dspring.application.admin.enabled=true -Dmanagement.endpoints.jmx.exposure.include=* -javaagent:C:\Program Files\JetBrains\IntelliJ IDEA 2023.1.3\lib\idea_rt.jar=59552:C:\Program Files\JetBrains\IntelliJ IDEA 2023.1.3\bin -Dfile.encoding=UTF-8 -Dsun.stdout.encoding=UTF-8 -Dsun.stderr.encoding=UTF-8 com.Group1.MealsOnWheels.MealsOnWheelsApplication

Host: Intel(R) Core(TM) i7-8700K CPU @ 3.70GHz, 12 cores, 47G,  Windows 11 , 64 bit Build 22621 (10.0.22621.1778)
Time: Wed Jul 12 10:07:51 2023 Malay Peninsula Standard Time elapsed time: 0.148351 seconds (0d 0h 0m 0s)

---------------  T H R E A D  ---------------

Current thread (0x000001de4a30eb50):  JavaThread "Unknown thread" [_thread_in_vm, id=84632, stack(0x000000a92e900000,0x000000a92ea00000)]

Stack: [0x000000a92e900000,0x000000a92ea00000]
Native frames: (J=compiled Java code, j=interpreted, Vv=VM code, C=native code)
V  [jvm.dll+0x6ee21a]
V  [jvm.dll+0x85765e]
V  [jvm.dll+0x85904e]
V  [jvm.dll+0x859703]
V  [jvm.dll+0x28298f]
V  [jvm.dll+0x6eb009]
V  [jvm.dll+0x6dfbaa]
V  [jvm.dll+0x3573f6]
V  [jvm.dll+0x35ee56]
V  [jvm.dll+0x3b541e]
V  [jvm.dll+0x3b564f]
V  [jvm.dll+0x32c9ea]
V  [jvm.dll+0x32d89e]
V  [jvm.dll+0x821780]
V  [jvm.dll+0x3c2661]
V  [jvm.dll+0x801f51]
V  [jvm.dll+0x44ae8f]
V  [jvm.dll+0x44c811]
C  [jli.dll+0x5287]
C  [ucrtbase.dll+0x29363]
C  [KERNEL32.DLL+0x126ad]
C  [ntdll.dll+0x5a9f8]


---------------  P R O C E S S  ---------------

Threads class SMR info:
_java_thread_list=0x00007ff9bd5fd048, length=0, elements={
}

Java Threads: ( => current thread )

Other Threads:
  0x000001de73ce0b10 WorkerThread "GC Thread#0" [stack: 0x000000a92ea00000,0x000000a92eb00000] [id=87924]
  0x000001de4a3aad50 ConcurrentGCThread "G1 Main Marker" [stack: 0x000000a92eb00000,0x000000a92ec00000] [id=83640]
  0x000001de4a3abf20 WorkerThread "G1 Conc#0" [stack: 0x000000a92ec00000,0x000000a92ed00000] [id=85436]

[error occurred during error reporting (printing all threads), id 0xc0000005, EXCEPTION_ACCESS_VIOLATION (0xc0000005) at pc=0x00007ff9bcdbd427]

VM state: not at safepoint (not fully initialized)

VM Mutex/Monitor currently owned by a thread:  ([mutex/lock_event])
[0x000001de4a3093a0] Heap_lock - owner thread: 0x000001de4a30eb50

Heap address: 0x0000000502000000, size: 12256 MB, Compressed Oops mode: Zero based, Oop shift amount: 3

CDS archive(s) mapped at: [0x0000000000000000-0x0000000000000000-0x0000000000000000), size 0, SharedBaseAddress: 0x0000000800000000, ArchiveRelocationMode: 0.
Narrow klass base: 0x0000000000000000, Narrow klass shift: 0, Narrow klass range: 0x0

GC Precious Log:
 CardTable entry size: 512
 Card Set container configuration: InlinePtr #cards 4 size 8 Array Of Cards #cards 64 size 144 Howl #buckets 8 coarsen threshold 14745 Howl Bitmap #cards 2048 size 272 coarsen threshold 1843 Card regions per heap region 1 cards per card region 16384

Heap:
 garbage-first heap   total 0K, used 0K [0x0000000502000000, 0x0000000800000000)
  region size 8192K, 0 young (0K), 0 survivors (0K)

[error occurred during error reporting (printing heap information), id 0xc0000005, EXCEPTION_ACCESS_VIOLATION (0xc0000005) at pc=0x00007ff9bd1c6649]

GC Heap History (0 events):
No events

Dll operation events (1 events):
Event: 0.141 Loaded shared library Z:\Program Files\Java\jdk-19\bin\java.dll

Deoptimization events (0 events):
No events

Classes loaded (0 events):
No events

Classes unloaded (0 events):
No events

Classes redefined (0 events):
No events

Internal exceptions (0 events):
No events

VM Operations (0 events):
No events

Events (0 events):
No events


Dynamic libraries:
0x00007ff7d83d0000 - 0x00007ff7d83e0000 	Z:\Program Files\Java\jdk-19\bin\java.exe
0x00007ffa33190000 - 0x00007ffa333a4000 	C:\Windows\SYSTEM32\ntdll.dll
0x00007ffa322b0000 - 0x00007ffa32372000 	C:\Windows\System32\KERNEL32.DLL
0x00007ffa30970000 - 0x00007ffa30d13000 	C:\Windows\System32\KERNELBASE.dll
0x00007ffa30d90000 - 0x00007ffa30ea1000 	C:\Windows\System32\ucrtbase.dll
0x00007ffa14bf0000 - 0x00007ffa14c0b000 	Z:\Program Files\Java\jdk-19\bin\VCRUNTIME140.dll
0x00007ffa1b8f0000 - 0x00007ffa1b908000 	Z:\Program Files\Java\jdk-19\bin\jli.dll
0x00007ffa31870000 - 0x00007ffa3191e000 	C:\Windows\System32\ADVAPI32.dll
0x00007ffa317c0000 - 0x00007ffa31867000 	C:\Windows\System32\msvcrt.dll
0x00007ffa30fa0000 - 0x00007ffa31044000 	C:\Windows\System32\sechost.dll
0x00007ffa31990000 - 0x00007ffa31aa7000 	C:\Windows\System32\RPCRT4.dll
0x00007ffa310e0000 - 0x00007ffa3128b000 	C:\Windows\System32\USER32.dll
0x00007ffa30750000 - 0x00007ffa30776000 	C:\Windows\System32\win32u.dll
0x00007ffa32960000 - 0x00007ffa32989000 	C:\Windows\System32\GDI32.dll
0x00007ffa30590000 - 0x00007ffa306a9000 	C:\Windows\System32\gdi32full.dll
0x00007ffa1d940000 - 0x00007ffa1dbce000 	C:\Windows\WinSxS\amd64_microsoft.windows.common-controls_6595b64144ccf1df_6.0.22621.1635_none_270f70857386168e\COMCTL32.dll
0x00007ffa306b0000 - 0x00007ffa3074a000 	C:\Windows\System32\msvcp_win.dll
0x00007ffa27d80000 - 0x00007ffa27d8a000 	C:\Windows\SYSTEM32\VERSION.dll
0x00007ffa33060000 - 0x00007ffa33091000 	C:\Windows\System32\IMM32.DLL
0x00007ffa22a30000 - 0x00007ffa22a3c000 	Z:\Program Files\Java\jdk-19\bin\vcruntime140_1.dll
0x00007ff9ff200000 - 0x00007ff9ff28e000 	Z:\Program Files\Java\jdk-19\bin\msvcp140.dll
0x00007ff9bca80000 - 0x00007ff9bd740000 	Z:\Program Files\Java\jdk-19\bin\server\jvm.dll
0x00007ff9e2260000 - 0x00007ff9e2269000 	C:\Windows\SYSTEM32\WSOCK32.dll
0x00007ffa27b00000 - 0x00007ffa27b34000 	C:\Windows\SYSTEM32\WINMM.dll
0x00007ffa31310000 - 0x00007ffa31381000 	C:\Windows\System32\WS2_32.dll
0x00007ffa2f690000 - 0x00007ffa2f6a8000 	C:\Windows\SYSTEM32\kernel.appcore.dll
0x00007ffa22980000 - 0x00007ffa2298a000 	Z:\Program Files\Java\jdk-19\bin\jimage.dll
0x00007ffa2e9d0000 - 0x00007ffa2ebfe000 	C:\Windows\SYSTEM32\DBGHELP.DLL
0x00007ffa32480000 - 0x00007ffa32809000 	C:\Windows\System32\combase.dll
0x00007ffa32e70000 - 0x00007ffa32f47000 	C:\Windows\System32\OLEAUT32.dll
0x00007ffa1f7f0000 - 0x00007ffa1f822000 	C:\Windows\SYSTEM32\dbgcore.DLL
0x00007ffa308f0000 - 0x00007ffa3096b000 	C:\Windows\System32\bcryptPrimitives.dll
0x00007ffa22530000 - 0x00007ffa2253e000 	Z:\Program Files\Java\jdk-19\bin\instrument.dll
0x00007ffa08590000 - 0x00007ffa085b6000 	Z:\Program Files\Java\jdk-19\bin\java.dll

dbghelp: loaded successfully - version: 4.0.5 - missing functions: none
symbol engine: initialized successfully - sym options: 0x614 - pdb path: .;Z:\Program Files\Java\jdk-19\bin;C:\Windows\SYSTEM32;C:\Windows\WinSxS\amd64_microsoft.windows.common-controls_6595b64144ccf1df_6.0.22621.1635_none_270f70857386168e;Z:\Program Files\Java\jdk-19\bin\server

VM Arguments:
jvm_args: -XX:TieredStopAtLevel=1 -Dspring.output.ansi.enabled=always -Dcom.sun.management.jmxremote -Dspring.jmx.enabled=true -Dspring.liveBeansView.mbeanDomain -Dspring.application.admin.enabled=true -Dmanagement.endpoints.jmx.exposure.include=* -javaagent:C:\Program Files\JetBrains\IntelliJ IDEA 2023.1.3\lib\idea_rt.jar=59552:C:\Program Files\JetBrains\IntelliJ IDEA 2023.1.3\bin -Dfile.encoding=UTF-8 -Dsun.stdout.encoding=UTF-8 -Dsun.stderr.encoding=UTF-8 
java_command: com.Group1.MealsOnWheels.MealsOnWheelsApplication
java_class_path (initial): C:\Users\yeems214\GitHub\group1-mealsonwheels\MealsOnWheels [login working finally]\target\classes;C:\Users\yeems214\.m2\repository\org\springframework\boot\spring-boot-starter-web\2.6.9\spring-boot-starter-web-2.6.9.jar;C:\Users\yeems214\.m2\repository\org\springframework\boot\spring-boot-starter\2.6.9\spring-boot-starter-2.6.9.jar;C:\Users\yeems214\.m2\repository\org\springframework\boot\spring-boot-starter-logging\2.6.9\spring-boot-starter-logging-2.6.9.jar;C:\Users\yeems214\.m2\repository\ch\qos\logback\logback-classic\1.2.11\logback-classic-1.2.11.jar;C:\Users\yeems214\.m2\repository\ch\qos\logback\logback-core\1.2.11\logback-core-1.2.11.jar;C:\Users\yeems214\.m2\repository\org\apache\logging\log4j\log4j-to-slf4j\2.17.2\log4j-to-slf4j-2.17.2.jar;C:\Users\yeems214\.m2\repository\org\apache\logging\log4j\log4j-api\2.17.2\log4j-api-2.17.2.jar;C:\Users\yeems214\.m2\repository\org\slf4j\jul-to-slf4j\1.7.36\jul-to-slf4j-1.7.36.jar;C:\Users\yeems214\.m2\repository\jakarta\annotation\jakarta.annotation-api\1.3.5\jakarta.annotation-api-1.3.5.jar;C:\Users\yeems214\.m2\repository\org\yaml\snakeyaml\1.29\snakeyaml-1.29.jar;C:\Users\yeems214\.m2\repository\org\springframework\boot\spring-boot-starter-json\2.6.9\spring-boot-starter-json-2.6.9.jar;C:\Users\yeems214\.m2\repository\com\fasterxml\jackson\core\jackson-databind\2.13.3\jackson-databind-2.13.3.jar;C:\Users\yeems214\.m2\repository\com\fasterxml\jackson\core\jackson-annotations\2.13.3\jackson-annotations-2.13.3.jar;C:\Users\yeems214\.m2\repository\com\fasterxml\jackson\core\jackson-core\2.13.3\jackson-core-2.13.3.jar;C:\Users\yeems214\.m2\repository\com\fasterxml\jackson\datatype\jackson-datatype-jdk8\2.13.3\jackson-datatype-jdk8-2.13.3.jar;C:\Users\yeems214\.m2\repository\com\fasterxml\jackson\datatype\jackson-datatype-jsr310\2.13.3\jackson-datatype-jsr310-2.13.3.jar;C:\Users\yeems214\.m2\repository\com\fasterxml\jackson\module\jackson-module-parameter-names\2.13.3\jackson-module-parameter-names-2.13.3.jar;C:\Users\yeems214\.m2\repository\org\springframework\boot\spring-boot-starter-tomcat\2.6.9\spring-boot-starter-tomcat-2.6.9.jar;C:\Users\yeems214\.m2\repository\org\apache\tomcat\embed\tomcat-embed-websocket\9.0.64\tomcat-embed-websocket-9.0.64.jar;C:\Users\yeems214\.m2\repository\org\springframework\spring-web\5.3.21\spring-web-5.3.21.jar;C:\Users\yeems214\.m2\repository\org\springframework\spring-webmvc\5.3.21\spring-webmvc-5.3.21.jar;C:\Users\yeems214\.m2\repository\org\slf4j\slf4j-api\1.7.36\slf4j-api-1.7.36.jar;C:\Users\yeems214\.m2\repository\jakarta\xml\bind\jakarta.xml.bind-api\2.3.3\jakarta.xml.bind-api-2.3.3.jar;C:\Users\yeems214\.m2\repository\jakarta\activation\jakarta.activation-api\1.2.2\jakarta.activation-api-1.2.2.jar;C:\Users\yeems214\.m2\repository\net\bytebuddy\byte-buddy\1.11.22\byte-buddy-1.11.22.jar;C:\Users\yeems214\.m2\repository\org\springframework\spring-core\5.3.21\spring-core-5.3.21.jar;C:\Users\yeems214\.m2\repository\org\springframework\spring-jcl\5.3.21\spring-jcl-5.3.21.jar;C:\Users\yeems214\.m2\repository\jstl\jstl\1.2\jstl-1.2.jar;C:\Users\yeems214\.m2\repository\org\springframework\boot\spring-boot-starter-security\2.6.9\spring-boot-starter-security-2.6.9.jar;C:\Users\yeems214\.m2\repository\org\springframework\spring-aop\5.3.21\spring-aop-5.3.21.jar;C:\Users\yeems214\.m2\repository\org\springframework\security\spring-security-config\5.6.6\spring-security-config-5.6.6.jar;C:\Users\yeems214\.m2\repository\org\springframework\security\spring-security-web\5.6.6\spring-security-web-5.6.6.jar;C:\Users\yeems214\.m2\repository\org\apache\tomcat\embed\tomcat-embed-jasper\9.0.64\tomcat-embed-jasper-9.0.64.jar;C:\Users\yeems214\.m2\repository\org\apache\tomcat\embed\tomcat-embed-core\9.0.64\tomcat-embed-core-9.0.64.jar;C:\Users\yeems214\.m2\repository\org\apache\tomcat\tomcat-annotations-api\9.0.64\tomcat-annotations-api-9.0.64.jar;C:\Users\yeems214\.m2\repository\org\apache\tomcat\embed\tomcat-embed-el\9.0.64\tomcat-embed-el-9.0.64.jar;C:\Users\yeems214\.m2\repository\org\eclipse\jdt\ecj\3.18.0\ecj-3.18.0.jar;C:\Users\yeems214\.m2\repository\mysql\mysql-connector-java\8.0.29\mysql-connector-java-8.0.29.jar;C:\Users\yeems214\.m2\repository\org\springframework\security\spring-security-taglibs\5.6.6\spring-security-taglibs-5.6.6.jar;C:\Users\yeems214\.m2\repository\org\springframework\security\spring-security-acl\5.6.6\spring-security-acl-5.6.6.jar;C:\Users\yeems214\.m2\repository\org\springframework\spring-jdbc\5.3.21\spring-jdbc-5.3.21.jar;C:\Users\yeems214\.m2\repository\org\springframework\spring-tx\5.3.21\spring-tx-5.3.21.jar;C:\Users\yeems214\.m2\repository\org\springframework\security\spring-security-core\5.6.6\spring-security-core-5.6.6.jar;C:\Users\yeems214\.m2\repository\org\springframework\security\spring-security-crypto\5.6.6\spring-security-crypto-5.6.6.jar;C:\Users\yeems214\.m2\repository\org\springframework\spring-beans\5.3.21\spring-beans-5.3.21.jar;C:\Users\yeems214\.m2\repository\org\springframework\spring-context\5.3.21\spring-context-5.3.21.jar;C:\Users\yeems214\.m2\repository\org\springframework\spring-expression\5.3.21\spring-expression-5.3.21.jar;C:\Users\yeems214\.m2\repository\org\junit\jupiter\junit-jupiter\5.8.2\junit-jupiter-5.8.2.jar;C:\Users\yeems214\.m2\repository\org\junit\jupiter\junit-jupiter-api\5.8.2\junit-jupiter-api-5.8.2.jar;C:\Users\yeems214\.m2\repository\org\opentest4j\opentest4j\1.2.0\opentest4j-1.2.0.jar;C:\Users\yeems214\.m2\repository\org\junit\platform\junit-platform-commons\1.8.2\junit-platform-commons-1.8.2.jar;C:\Users\yeems214\.m2\repository\org\apiguardian\apiguardian-api\1.1.2\apiguardian-api-1.1.2.jar;C:\Users\yeems214\.m2\repository\org\junit\jupiter\junit-jupiter-params\5.8.2\junit-jupiter-params-5.8.2.jar;C:\Users\yeems214\.m2\repository\org\junit\jupiter\junit-jupiter-engine\5.8.2\junit-jupiter-engine-5.8.2.jar;C:\Users\yeems214\.m2\repository\org\junit\platform\junit-platform-engine\1.8.2\junit-platform-engine-1.8.2.jar;C:\Users\yeems214\.m2\repository\org\springframework\boot\spring-boot-starter-mail\2.6.9\spring-boot-starter-mail-2.6.9.jar;C:\Users\yeems214\.m2\repository\org\springframework\spring-context-support\5.3.21\spring-context-support-5.3.21.jar;C:\Users\yeems214\.m2\repository\com\sun\mail\jakarta.mail\1.6.7\jakarta.mail-1.6.7.jar;C:\Users\yeems214\.m2\repository\com\sun\activation\jakarta.activation\1.2.2\jakarta.activation-1.2.2.jar;C:\Users\yeems214\.m2\repository\org\springframework\boot\spring-boot-starter-data-jpa\2.6.9\spring-boot-starter-data-jpa-2.6.9.jar;C:\Users\yeems214\.m2\repository\org\springframework\boot\spring-boot-starter-aop\2.6.9\spring-boot-starter-aop-2.6.9.jar;C:\Users\yeems214\.m2\repository\org\aspectj\aspectjweaver\1.9.7\aspectjweaver-1.9.7.jar;C:\Users\yeems214\.m2\repository\org\springframework\boot\spring-boot-starter-jdbc\2.6.9\spring-boot-starter-jdbc-2.6.9.jar;C:\Users\yeems214\.m2\repository\com\zaxxer\HikariCP\4.0.3\HikariCP-4.0.3.jar;C:\Users\yeems214\.m2\repository\jakarta\transaction\jakarta.transaction-api\1.3.3\jakarta.transaction-api-1.3.3.jar;C:\Users\yeems214\.m2\repository\jakarta\persistence\jakarta.persistence-api\2.2.3\jakarta.persistence-api-2.2.3.jar;C:\Users\yeems214\.m2\repository\org\hibernate\hibernate-core\5.6.9.Final\hibernate-core-5.6.9.Final.jar;C:\Users\yeems214\.m2\repository\org\jboss\logging\jboss-logging\3.4.3.Final\jboss-logging-3.4.3.Final.jar;C:\Users\yeems214\.m2\repository\antlr\antlr\2.7.7\antlr-2.7.7.jar;C:\Users\yeems214\.m2\repository\org\jboss\jandex\2.4.2.Final\jandex-2.4.2.Final.jar;C:\Users\yeems214\.m2\repository\com\fasterxml\classmate\1.5.1\classmate-1.5.1.jar;C:\Users\yeems214\.m2\repository\org\hibernate\common\hibernate-commons-annotations\5.1.2.Final\hibernate-commons-annotations-5.1.2.Final.jar;C:\Users\yeems214\.m2\repository\org\glassfish\jaxb\jaxb-runtime\2.3.6\jaxb-runtime-2.3.6.jar;C:\Users\yeems214\.m2\repository\org\glassfish\jaxb\txw2\2.3.6\txw2-2.3.6.jar;C:\Users\yeems214\.m2\repository\com\sun\istack\istack-commons-runtime\3.0.12\istack-commons-runtime-3.0.12.jar;C:\Users\yeems214\.m2\repository\org\springframework\data\spring-data-jpa\2.6.5\spring-data-jpa-2.6.5.jar;C:\Users\yeems214\.m2\repository\org\springframework\data\spring-data-commons\2.6.5\spring-data-commons-2.6.5.jar;C:\Users\yeems214\.m2\repository\org\springframework\spring-orm\5.3.21\spring-orm-5.3.21.jar;C:\Users\yeems214\.m2\repository\org\springframework\spring-aspects\5.3.21\spring-aspects-5.3.21.jar;C:\Users\yeems214\.m2\repository\javax\persistence\javax.persistence-api\2.2\javax.persistence-api-2.2.jar;C:\Users\yeems214\.m2\repository\org\springframework\boot\spring-boot-devtools\2.6.9\spring-boot-devtools-2.6.9.jar;C:\Users\yeems214\.m2\repository\org\springframework\boot\spring-boot\2.6.9\spring-boot-2.6.9.jar;C:\Users\yeems214\.m2\repository\org\springframework\boot\spring-boot-autoconfigure\2.6.9\spring-boot-autoconfigure-2.6.9.jar
Launcher Type: SUN_STANDARD

[Global flags]
     intx CICompilerCount                          = 4                                         {product} {ergonomic}
     uint ConcGCThreads                            = 3                                         {product} {ergonomic}
     uint G1ConcRefinementThreads                  = 10                                        {product} {ergonomic}
   size_t G1HeapRegionSize                         = 8388608                                   {product} {ergonomic}
    uintx GCDrainStackTargetSize                   = 64                                        {product} {ergonomic}
   size_t InitialHeapSize                          = 805306368                                 {product} {ergonomic}
     bool ManagementServer                         = true                                      {product} {command line}
   size_t MarkStackSize                            = 4194304                                   {product} {ergonomic}
   size_t MaxHeapSize                              = 12851347456                               {product} {ergonomic}
   size_t MinHeapDeltaBytes                        = 8388608                                   {product} {ergonomic}
   size_t MinHeapSize                              = 8388608                                   {product} {ergonomic}
    uintx NonProfiledCodeHeapSize                  = 0                                      {pd product} {ergonomic}
     bool ProfileInterpreter                       = false                                  {pd product} {command line}
    uintx ProfiledCodeHeapSize                     = 0                                      {pd product} {ergonomic}
   size_t SoftMaxHeapSize                          = 12851347456                            {manageable} {ergonomic}
     intx TieredStopAtLevel                        = 1                                         {product} {command line}
     bool UseCompressedClassPointers               = true                           {product lp64_product} {ergonomic}
     bool UseCompressedOops                        = true                           {product lp64_product} {ergonomic}
     bool UseG1GC                                  = true                                      {product} {ergonomic}
     bool UseLargePagesIndividualAllocation        = false                                  {pd product} {ergonomic}

Logging:
Log output configuration:
 #0: stdout all=warning uptime,level,tags foldmultilines=false
 #1: stderr all=off uptime,level,tags foldmultilines=false

Environment Variables:
PATH=C:\Program Files\Alacritty\;C:\Program Files\Common Files\Oracle\Java\javapath;C:\Program Files (x86)\Common Files\Oracle\Java\javapath;C:\Program Files (x86)\VMware\VMware Workstation\bin\;C:\Program Files (x86)\Common Files\Intel\Shared Libraries\redist\intel64\compiler;C:\Windows\system32;C:\Windows;C:\Windows\System32\Wbem;C:\Windows\System32\WindowsPowerShell\v1.0\;C:\Windows\System32\OpenSSH\;C:\Program Files (x86)\ZeroTier\One\;C:\Program Files (x86)\NVIDIA Corporation\PhysX\Common;C:\Program Files\NVIDIA Corporation\NVIDIA NvDLISR;C:\Program Files\Cloudflare\Cloudflare WARP\;C:\Program Files\WireGuard\;C:\Program Files\Microsoft SQL Server\150\Tools\Binn\;C:\Program Files\Microsoft SQL Server\Client SDK\ODBC\170\Tools\Binn\;C:\Program Files\dotnet\;C:\Program Files\nodejs\;C:\ProgramData\chocolatey\bin;C:\Program Files (x86)\Windows Live\Shared;C:\Program Files (x86)\cloudflared\.;C:\Program Files (x86)\Yarn\bin\;C:\Program Files\Tailscale\;C:\Program Files\Docker\Docker\resources\bin;C:\Program Files\PowerShell\7\;C:\Users\yeems214\AppData\Local\Programs\Python\Python310\Scripts\;C:\Users\yeems214\AppData\Local\Programs\Python\Python310\;C:\Users\yeems214\scoop\apps\openssl\current\bin;C:\Program Files\MySQL\MySQL Shell 8.0\bin\;C:\Users\yeems214\scoop\shims;C:\Users\yeems214\AppData\Local\Microsoft\WindowsApps;C:\Users\yeems214\AppData\Local\Programs\Microsoft VS Code\bin;C:\Program Files\JetBrains\IntelliJ IDEA Community Edition 2022.3.2\bin;C:\Users\yeems214\.dotnet\tools;C:\Users\yeems214\AppData\Roaming\npm;C:\Users\yeems214\AppData\Local\Yarn\bin;C:\Users\yeems214\AppData\Local\Programs\Microsoft VS Code Insiders\bin;C:\Program Files\JetBrains\IntelliJ IDEA 2023.1.3\bin;
USERNAME=yeems214
OS=Windows_NT
PROCESSOR_IDENTIFIER=Intel64 Family 6 Model 158 Stepping 10, GenuineIntel
TMP=C:\Users\yeems214\AppData\Local\Temp
TEMP=C:\Users\yeems214\AppData\Local\Temp



---------------  S Y S T E M  ---------------

OS:
 Windows 11 , 64 bit Build 22621 (10.0.22621.1778)
OS uptime: 9 days 17:58 hours
Hyper-V role detected

CPU: total 12 (initial active 12) (6 cores per cpu, 2 threads per core) family 6 model 158 stepping 10 microcode 0xde, cx8, cmov, fxsr, ht, mmx, 3dnowpref, sse, sse2, sse3, ssse3, sse4.1, sse4.2, popcnt, lzcnt, tsc, tscinvbit, avx, avx2, aes, erms, clmul, bmi1, bmi2, rtm, adx, fma, vzeroupper, clflush, clflushopt, hv, rdtscp

Memory: 4k page, system-wide physical 48993M (2941M free)
TotalPageFile size 98993M (AvailPageFile size 358M)
current process WorkingSet (physical memory assigned to process): 12M, peak: 12M
current process commit charge ("private bytes"): 60M, peak: 827M

vm_info: Java HotSpot(TM) 64-Bit Server VM (19.0.2+7-44) for windows-amd64 JRE (19.0.2+7-44), built on 2022-11-30T18:02:09Z by "mach5one" with MS VC++ 17.1 (VS2022)

END.
