#
# There is insufficient memory for the Java Runtime Environment to continue.
# Native memory allocation (mmap) failed to map 603979776 bytes for G1 virtual space
# Possible reasons:
#   The system is out of physical RAM or swap space
#   The process is running with CompressedOops enabled, and the Java Heap may be blocking the growth of the native heap
# Possible solutions:
#   Reduce memory load on the system
#   Increase physical memory or swap space
#   Check if swap backing store is full
#   Decrease Java heap size (-Xmx/-Xms)
#   Decrease number of Java threads
#   Decrease Java thread stack sizes (-Xss)
#   Set larger code cache with -XX:ReservedCodeCacheSize=
#   JVM is running with Zero Based Compressed Oops mode in which the Java heap is
#     placed in the first 32GB address space. The Java Heap base address is the
#     maximum limit for the native heap growth. Please use -XX:HeapBaseMinAddress
#     to set the Java Heap base and to place the Java Heap above 32GB virtual address.
# This output file may be truncated or incomplete.
#
#  Out of Memory Error (os_windows.cpp:3527), pid=47052, tid=30136
#
# JRE version:  (19.0.1+10) (build )
# Java VM: OpenJDK 64-Bit Server VM (19.0.1+10-21, mixed mode, sharing, tiered, compressed oops, compressed class ptrs, g1 gc, windows-amd64)
# No core dump will be written. Minidumps are not enabled by default on client versions of Windows
#

---------------  S U M M A R Y ------------

Command Line: -javaagent:C:\Program Files\JetBrains\IntelliJ IDEA Community Edition 2022.2.3\lib\idea_rt.jar=55159:C:\Program Files\JetBrains\IntelliJ IDEA Community Edition 2022.2.3\bin -Dfile.encoding=UTF-8 -Dsun.stdout.encoding=UTF-8 -Dsun.stderr.encoding=UTF-8 Game

Host: Intel(R) Core(TM) i7-8700K CPU @ 3.70GHz, 12 cores, 35G,  Windows 11 , 64 bit Build 22621 (10.0.22621.755)
Time: Tue Nov 15 12:09:32 2022 Malay Peninsula Standard Time elapsed time: 0.019977 seconds (0d 0h 0m 0s)

---------------  T H R E A D  ---------------

Current thread (0x0000017ffe966150):  JavaThread "Unknown thread" [_thread_in_vm, id=30136, stack(0x0000000a2c000000,0x0000000a2c100000)]

Stack: [0x0000000a2c000000,0x0000000a2c100000]
Native frames: (J=compiled Java code, j=interpreted, Vv=VM code, C=native code)
V  [jvm.dll+0x6ee8fa]
V  [jvm.dll+0x857a1e]
V  [jvm.dll+0x85940e]
V  [jvm.dll+0x859ac3]
V  [jvm.dll+0x28291f]
V  [jvm.dll+0x6eb6e9]
V  [jvm.dll+0x6e028a]
V  [jvm.dll+0x357136]
V  [jvm.dll+0x35eb96]
V  [jvm.dll+0x3b555e]
V  [jvm.dll+0x3b578f]
V  [jvm.dll+0x32c6ea]
V  [jvm.dll+0x32d59e]
V  [jvm.dll+0x821b20]
V  [jvm.dll+0x3c27c1]
V  [jvm.dll+0x8022f1]
V  [jvm.dll+0x44b30f]
V  [jvm.dll+0x44cc91]
C  [jli.dll+0x5287]
C  [ucrtbase.dll+0x29363]
C  [KERNEL32.DLL+0x1244d]
C  [ntdll.dll+0x5dfb8]


---------------  P R O C E S S  ---------------

Threads class SMR info:
_java_thread_list=0x00007ffd817fd048, length=0, elements={
}

Java Threads: ( => current thread )

Other Threads:
  0x0000017ffe9938c0 WorkerThread "GC Thread#0" [stack: 0x0000000a2c100000,0x0000000a2c200000] [id=39940]
  0x0000017ffe9a0610 ConcurrentGCThread "G1 Main Marker" [stack: 0x0000000a2c200000,0x0000000a2c300000] [id=33960]
  0x0000017ffe9a1250 WorkerThread "G1 Conc#0" [stack: 0x0000000a2c300000,0x0000000a2c400000] [id=21688]

[error occurred during error reporting (printing all threads), id 0xc0000005, EXCEPTION_ACCESS_VIOLATION (0xc0000005) at pc=0x00007ffd80fbd127]

VM state: not at safepoint (not fully initialized)

VM Mutex/Monitor currently owned by a thread:  ([mutex/lock_event])
[0x0000017ffe962170] Heap_lock - owner thread: 0x0000017ffe966150

Heap address: 0x00000005c1000000, size: 9200 MB, Compressed Oops mode: Zero based, Oop shift amount: 3

CDS archive(s) mapped at: [0x0000000000000000-0x0000000000000000-0x0000000000000000), size 0, SharedBaseAddress: 0x0000000800000000, ArchiveRelocationMode: 0.
Narrow klass base: 0x0000000000000000, Narrow klass shift: 0, Narrow klass range: 0x0

GC Precious Log:
 CardTable entry size: 512
 Card Set container configuration: InlinePtr #cards 4 size 8 Array Of Cards #cards 64 size 144 Howl #buckets 8 coarsen threshold 14745 Howl Bitmap #cards 2048 size 272 coarsen threshold 1843 Card regions per heap region 1 cards per card region 16384

Heap:
 garbage-first heap   total 0K, used 0K [0x00000005c1000000, 0x0000000800000000)
  region size 8192K, 0 young (0K), 0 survivors (0K)

[error occurred during error reporting (printing heap information), id 0xc0000005, EXCEPTION_ACCESS_VIOLATION (0xc0000005) at pc=0x00007ffd813c6959]

GC Heap History (0 events):
No events

Dll operation events (1 events):
Event: 0.015 Loaded shared library C:\Users\franc\.jdks\openjdk-19.0.1\bin\java.dll

Deoptimization events (0 events):
No events

Classes loaded (0 events):
No events

Classes unloaded (0 events):
No events

Classes redefined (0 events):
No events

Internal exceptions (0 events):
No events

VM Operations (0 events):
No events

Events (0 events):
No events


Dynamic libraries:
0x00007ff6d7430000 - 0x00007ff6d743e000 	C:\Users\franc\.jdks\openjdk-19.0.1\bin\java.exe
0x00007ffdc5e90000 - 0x00007ffdc60a4000 	C:\WINDOWS\SYSTEM32\ntdll.dll
0x00007ffdc4440000 - 0x00007ffdc4502000 	C:\WINDOWS\System32\KERNEL32.DLL
0x00007ffdc35e0000 - 0x00007ffdc397d000 	C:\WINDOWS\System32\KERNELBASE.dll
0x00007ffdc3420000 - 0x00007ffdc3531000 	C:\WINDOWS\System32\ucrtbase.dll
0x00007ffdbdfa0000 - 0x00007ffdbdfb7000 	C:\Users\franc\.jdks\openjdk-19.0.1\bin\jli.dll
0x00007ffda82c0000 - 0x00007ffda82db000 	C:\Users\franc\.jdks\openjdk-19.0.1\bin\VCRUNTIME140.dll
0x00007ffdc3f40000 - 0x00007ffdc40ea000 	C:\WINDOWS\System32\USER32.dll
0x00007ffda6a80000 - 0x00007ffda6d0e000 	C:\WINDOWS\WinSxS\amd64_microsoft.windows.common-controls_6595b64144ccf1df_6.0.22621.608_none_a9444ca7c10bb01d\COMCTL32.dll
0x00007ffdc3380000 - 0x00007ffdc33a6000 	C:\WINDOWS\System32\win32u.dll
0x00007ffdc4c20000 - 0x00007ffdc4c49000 	C:\WINDOWS\System32\GDI32.dll
0x00007ffdc5cf0000 - 0x00007ffdc5d97000 	C:\WINDOWS\System32\msvcrt.dll
0x00007ffdc3b70000 - 0x00007ffdc3c82000 	C:\WINDOWS\System32\gdi32full.dll
0x00007ffdc3540000 - 0x00007ffdc35da000 	C:\WINDOWS\System32\msvcp_win.dll
0x00007ffdc3ef0000 - 0x00007ffdc3f22000 	C:\WINDOWS\System32\IMM32.DLL
0x00007ffd8ad20000 - 0x00007ffd8ad4d000 	C:\Program Files\MacType\MacType64.dll
0x00007ffdc5da0000 - 0x00007ffdc5e4e000 	C:\WINDOWS\System32\ADVAPI32.dll
0x00007ffdc59e0000 - 0x00007ffdc5a84000 	C:\WINDOWS\System32\sechost.dll
0x00007ffdc3cf0000 - 0x00007ffdc3e05000 	C:\WINDOWS\System32\RPCRT4.dll
0x00007ffd8ad50000 - 0x00007ffd8adaa000 	C:\Program Files\MacType\Easyhk64.dll
0x00007ffd8ac10000 - 0x00007ffd8ad1b000 	C:\Program Files\MacType\MacType64.Core.dll
0x00007ffdbf000000 - 0x00007ffdbf5c1000 	C:\WINDOWS\SYSTEM32\d2d1.dll
0x00007ffdbea80000 - 0x00007ffdbece7000 	C:\WINDOWS\SYSTEM32\dwrite.dll
0x00007ffdc3980000 - 0x00007ffdc39fb000 	C:\WINDOWS\System32\bcryptPrimitives.dll
0x00007ffdbc2a0000 - 0x00007ffdbc2ac000 	C:\Users\franc\.jdks\openjdk-19.0.1\bin\vcruntime140_1.dll
0x00007ffd9bbc0000 - 0x00007ffd9bc4e000 	C:\Users\franc\.jdks\openjdk-19.0.1\bin\msvcp140.dll
0x00007ffd80c80000 - 0x00007ffd81940000 	C:\Users\franc\.jdks\openjdk-19.0.1\bin\server\jvm.dll
0x00007ffdbb260000 - 0x00007ffdbb26a000 	C:\WINDOWS\SYSTEM32\VERSION.dll
0x00007ffdba9a0000 - 0x00007ffdba9a9000 	C:\WINDOWS\SYSTEM32\WSOCK32.dll
0x00007ffdbaab0000 - 0x00007ffdbaae4000 	C:\WINDOWS\SYSTEM32\WINMM.dll
0x00007ffdc43c0000 - 0x00007ffdc4431000 	C:\WINDOWS\System32\WS2_32.dll
0x00007ffdc22f0000 - 0x00007ffdc2308000 	C:\WINDOWS\SYSTEM32\kernel.appcore.dll
0x00007ffdbaaf0000 - 0x00007ffdbaafa000 	C:\Users\franc\.jdks\openjdk-19.0.1\bin\jimage.dll
0x00007ffdc01c0000 - 0x00007ffdc03ee000 	C:\WINDOWS\SYSTEM32\DBGHELP.DLL
0x00007ffdc3e10000 - 0x00007ffdc3ee7000 	C:\WINDOWS\System32\OLEAUT32.dll
0x0000017ffedb0000 - 0x0000017fff13a000 	C:\WINDOWS\System32\combase.dll
0x00007ffdaeeb0000 - 0x00007ffdaeee2000 	C:\WINDOWS\SYSTEM32\dbgcore.DLL
0x00007ffdb6fa0000 - 0x00007ffdb6fae000 	C:\Users\franc\.jdks\openjdk-19.0.1\bin\instrument.dll
0x00007ffd9d8b0000 - 0x00007ffd9d8d6000 	C:\Users\franc\.jdks\openjdk-19.0.1\bin\java.dll

dbghelp: loaded successfully - version: 4.0.5 - missing functions: none
symbol engine: initialized successfully - sym options: 0x614 - pdb path: .;C:\Users\franc\.jdks\openjdk-19.0.1\bin;C:\WINDOWS\SYSTEM32;C:\WINDOWS\WinSxS\amd64_microsoft.windows.common-controls_6595b64144ccf1df_6.0.22621.608_none_a9444ca7c10bb01d;C:\Program Files\MacType;C:\Users\franc\.jdks\openjdk-19.0.1\bin\server

VM Arguments:
jvm_args: -javaagent:C:\Program Files\JetBrains\IntelliJ IDEA Community Edition 2022.2.3\lib\idea_rt.jar=55159:C:\Program Files\JetBrains\IntelliJ IDEA Community Edition 2022.2.3\bin -Dfile.encoding=UTF-8 -Dsun.stdout.encoding=UTF-8 -Dsun.stderr.encoding=UTF-8 
java_command: Game
java_class_path (initial): C:\Users\franc\IdeaProjects\deez\out\production\deez
Launcher Type: SUN_STANDARD

[Global flags]
     intx CICompilerCount                          = 4                                         {product} {ergonomic}
     uint ConcGCThreads                            = 3                                         {product} {ergonomic}
     uint G1ConcRefinementThreads                  = 10                                        {product} {ergonomic}
   size_t G1HeapRegionSize                         = 8388608                                   {product} {ergonomic}
    uintx GCDrainStackTargetSize                   = 64                                        {product} {ergonomic}
   size_t InitialHeapSize                          = 603979776                                 {product} {ergonomic}
   size_t MarkStackSize                            = 4194304                                   {product} {ergonomic}
   size_t MaxHeapSize                              = 9646899200                                {product} {ergonomic}
   size_t MinHeapDeltaBytes                        = 8388608                                   {product} {ergonomic}
   size_t MinHeapSize                              = 8388608                                   {product} {ergonomic}
    uintx NonNMethodCodeHeapSize                   = 5839372                                {pd product} {ergonomic}
    uintx NonProfiledCodeHeapSize                  = 122909434                              {pd product} {ergonomic}
    uintx ProfiledCodeHeapSize                     = 122909434                              {pd product} {ergonomic}
    uintx ReservedCodeCacheSize                    = 251658240                              {pd product} {ergonomic}
     bool SegmentedCodeCache                       = true                                      {product} {ergonomic}
   size_t SoftMaxHeapSize                          = 9646899200                             {manageable} {ergonomic}
     bool UseCompressedClassPointers               = true                           {product lp64_product} {ergonomic}
     bool UseCompressedOops                        = true                           {product lp64_product} {ergonomic}
     bool UseG1GC                                  = true                                      {product} {ergonomic}
     bool UseLargePagesIndividualAllocation        = false                                  {pd product} {ergonomic}

Logging:
Log output configuration:
 #0: stdout all=warning uptime,level,tags foldmultilines=false
 #1: stderr all=off uptime,level,tags foldmultilines=false

Environment Variables:
PATH=C:\Program Files\Parallels\Parallels Tools\Applications;C:\Program Files (x86)\Razer Chroma SDK\bin;C:\Program Files\Razer Chroma SDK\bin;C:\Program Files (x86)\Common Files\Oracle\Java\javapath;C:\Program Files (x86)\VMware\VMware Workstation\bin\;C:\Program Files (x86)\Common Files\Intel\Shared Libraries\redist\intel64\compiler;C:\Windows\system32;C:\Windows;C:\Windows\System32\Wbem;C:\Windows\System32\WindowsPowerShell\v1.0\;C:\Windows\System32\OpenSSH\;C:\Program Files (x86)\NVIDIA Corporation\PhysX\Common;C:\Program Files\NVIDIA Corporation\NVIDIA NvDLISR;C:\Program Files (x86)\Paragon Software\APFS for Windows\;C:\Users\franc\AppData\Local\Programs\Python\Python310\Scripts\;C:\Users\franc\AppData\Local\Programs\Python\Python310\;C:\Users\franc\AppData\Local\Microsoft\WindowsApps;C:\Users\franc\AppData\Local\Programs\Microsoft VS Code\bin;C:\Program Files\dotnet\;C:\Program Files (x86)\ZeroTier\One\;C:\Program Files (x86)\FAHClient;C:\Program Files\Git\cmd;;H:\webOS_TV_SDK\CLI\bin;C:\WINDOWS\system32;C:\WINDOWS;C:\WINDOWS\System32\Wbem;C:\WINDOWS\System32\WindowsPowerShell\v1.0\;C:\WINDOWS\System32\OpenSSH\;C:\Program Files\Cloudflare\Cloudflare WARP\;C:\Users\franc\AppData\Local\Programs\Python\Python310\Scripts\;C:\Users\franc\AppData\Local\Programs\Python\Python310\;C:\Users\franc\scoop\shims;C:\Users\franc\AppData\Local\Microsoft\WindowsApps;C:\Users\franc\AppData\Local\Programs\Microsoft VS Code\bin;C:\Users\franc\AppData\Local\Microsoft\WinGet\Links;C:\Users\franc\AppData\Local\JetBrains\Toolbox\scripts;;C:\Program Files\JetBrains\IntelliJ IDEA Community Edition 2022.2.3\bin;
USERNAME=franc
OS=Windows_NT
PROCESSOR_IDENTIFIER=Intel64 Family 6 Model 158 Stepping 10, GenuineIntel
TMP=C:\Users\franc\AppData\Local\Temp
TEMP=C:\Users\franc\AppData\Local\Temp



---------------  S Y S T E M  ---------------

OS:
 Windows 11 , 64 bit Build 22621 (10.0.22621.755)
OS uptime: 1 days 2:27 hours
Hyper-V role detected

CPU: total 12 (initial active 12) (6 cores per cpu, 2 threads per core) family 6 model 158 stepping 10 microcode 0xde, cx8, cmov, fxsr, ht, mmx, 3dnowpref, sse, sse2, sse3, ssse3, sse4.1, sse4.2, popcnt, lzcnt, tsc, tscinvbit, avx, avx2, aes, erms, clmul, bmi1, bmi2, rtm, adx, fma, vzeroupper, clflush, clflushopt, hv, rdtscp

Memory: 4k page, system-wide physical 36773M (2286M free)
TotalPageFile size 67208M (AvailPageFile size 359M)
current process WorkingSet (physical memory assigned to process): 14M, peak: 14M
current process commit charge ("private bytes"): 66M, peak: 642M

vm_info: OpenJDK 64-Bit Server VM (19.0.1+10-21) for windows-amd64 JRE (19.0.1+10-21), built on 2022-09-14T12:45:06Z by "mach5one" with MS VC++ 17.1 (VS2022)

END.
